<?xml version="1.0" encoding="UTF-8"?>
<!-- Generated by org.testng.reporters.JUnitReportReporter -->
<testsuite hostname="DESKTOP-FPF5IV7" failures="0" tests="1" name="testCases.TC001_AcountRegistration" time="8.572" errors="0" timestamp="2025-02-24T17:36:47 IST" skipped="0">
  <testcase classname="testCases.TC001_AcountRegistration" name="registration" time="8.572"/>
</testsuite> <!-- testCases.TC001_AcountRegistration -->
