<?xml version="1.0" encoding="UTF-8"?>
<!-- Generated by org.testng.reporters.JUnitReportReporter -->
<testsuite hostname="DESKTOP-FPF5IV7" failures="0" tests="4" name="testCases.TC003LoginTestWithDDT" time="147.541" errors="0" timestamp="2025-02-24T16:42:23 IST" skipped="0">
  <testcase classname="testCases.TC003LoginTestWithDDT" name="VerfyLogin" time="33.576"/>
  <testcase classname="testCases.TC003LoginTestWithDDT" name="VerfyLogin" time="27.839"/>
  <testcase classname="testCases.TC003LoginTestWithDDT" name="VerfyLogin" time="53.248"/>
  <testcase classname="testCases.TC003LoginTestWithDDT" name="VerfyLogin" time="32.878"/>
</testsuite> <!-- testCases.TC003LoginTestWithDDT -->
