<?xml version="1.0" encoding="UTF-8"?>
<!-- Generated by org.testng.reporters.JUnitReportReporter -->
<testsuite hostname="DESKTOP-FPF5IV7" failures="0" tests="1" name="testCases.TC002_LoginTest" time="4.276" errors="0" timestamp="2025-02-25T16:25:31 IST" skipped="0">
  <testcase classname="testCases.TC002_LoginTest" name="VerfyLogin" time="4.276"/>
</testsuite> <!-- testCases.TC002_LoginTest -->
