<?xml version="1.0" encoding="UTF-8"?>
<!-- Generated by org.testng.reporters.JUnitReportReporter -->
<testsuite hostname="DESKTOP-FPF5IV7" failures="0" tests="1" name="testCases.TC002_LoginTest" time="5.684" errors="0" timestamp="2025-03-12T15:37:07 IST" skipped="0">
  <testcase classname="testCases.TC002_LoginTest" name="VerfyLogin" time="5.684"/>
</testsuite> <!-- testCases.TC002_LoginTest -->
